<?xml version="1.0" encoding="UTF-8"?>
<!-- Generated by org.testng.reporters.JUnitXMLReporter -->
<testsuite ignored="0" hostname="DESKTOP-JTCIL9C" failures="0" tests="20" name="Test" time="121.818" errors="0" timestamp="2023-09-19T21:13:57 IST">
  <testcase classname="OnboardingTest.OnboardingTest" name="VerificationOfSteponeUrl" time="64.815"/>
  <testcase classname="OnboardingTest.OnboardingTest" name="VerifyClickHereLink" time="7.326"/>
  <testcase classname="OnboardingTest.OnboardingTest" name="VerifyCrossButton" time="0.943"/>
  <testcase classname="OnboardingTest.OnboardingTest" name="VerifyCloseButton" time="0.562"/>
  <testcase classname="OnboardingTest.OnboardingTest" name="ContactUsLinkClick" time="0.464"/>
  <testcase classname="OnboardingTest.OnboardingTest" name="Verifywhatsapplink" time="1.692"/>
  <testcase classname="OnboardingTest.OnboardingTest" name="Verifyskypelink" time="15.472"/>
  <testcase classname="OnboardingTest.OnboardingTest" name="VerifyTicketlink" time="1.289"/>
  <testcase classname="OnboardingTest.OnboardingTest" name="VerifyCalenderlink" time="2.109"/>
  <testcase classname="OnboardingTest.OnboardingTest" name="VerifySubmitButton" time="0.419"/>
  <testcase classname="OnboardingTest.OnboardingTest" name="VerifyqueryDropDown" time="3.534"/>
  <testcase classname="OnboardingTest.OnboardingTest" name="uncheckCheckBox" time="0.052"/>
  <testcase classname="OnboardingTest.OnboardingTest" name="checkCheckBox" time="3.06"/>
  <testcase classname="OnboardingTest.OnboardingTest" name="readMoreClickable" time="0.106"/>
  <testcase classname="OnboardingTest.OnboardingTest" name="SellerCenterClickable" time="0.115"/>
  <testcase classname="OnboardingTest.OnboardingTest" name="IfConsumeridIsgiven" time="3.322"/>
  <testcase classname="OnboardingTest.OnboardingTest" name="IfPrivateKeyIsgiven" time="3.291"/>
  <testcase classname="OnboardingTest.OnboardingTest" name="InvalidCredentials" time="3.493"/>
  <testcase classname="OnboardingTest.OnboardingTest" name="ClickOnStoreLink" time="1.645"/>
  <testcase classname="OnboardingTest.OnboardingTest" name="validCredentials" time="7.89"/>
</testsuite> <!-- Test -->
