<?xml version="1.0" encoding="UTF-8"?>
<testng-results ignored="0" total="20" passed="20" failed="0" skipped="0">
  <reporter-output>
  </reporter-output>
  <suite started-at="2023-09-19T21:11:54 IST" name="Suite" finished-at="2023-09-19T21:13:56 IST" duration-ms="121818">
    <groups>
    </groups>
    <test started-at="2023-09-19T21:11:54 IST" name="Test" finished-at="2023-09-19T21:13:56 IST" duration-ms="121818">
      <class name="OnboardingTest.OnboardingTest">
        <test-method signature="VerificationOfSteponeUrl()[pri:1, instance:OnboardingTest.OnboardingTest@7dfb0c0f]" started-at="2023-09-19T21:11:54 IST" name="VerificationOfSteponeUrl" finished-at="2023-09-19T21:12:59 IST" duration-ms="64815" status="PASS">
          <reporter-output>
          </reporter-output>
        </test-method> <!-- VerificationOfSteponeUrl -->
        <test-method signature="VerifyClickHereLink()[pri:2, instance:OnboardingTest.OnboardingTest@7dfb0c0f]" started-at="2023-09-19T21:12:59 IST" name="VerifyClickHereLink" finished-at="2023-09-19T21:13:06 IST" duration-ms="7326" status="PASS">
          <reporter-output>
          </reporter-output>
        </test-method> <!-- VerifyClickHereLink -->
        <test-method signature="VerifyCrossButton()[pri:3, instance:OnboardingTest.OnboardingTest@7dfb0c0f]" started-at="2023-09-19T21:13:06 IST" name="VerifyCrossButton" finished-at="2023-09-19T21:13:07 IST" duration-ms="943" status="PASS">
          <reporter-output>
          </reporter-output>
        </test-method> <!-- VerifyCrossButton -->
        <test-method signature="VerifyCloseButton()[pri:4, instance:OnboardingTest.OnboardingTest@7dfb0c0f]" started-at="2023-09-19T21:13:07 IST" name="VerifyCloseButton" finished-at="2023-09-19T21:13:08 IST" duration-ms="562" status="PASS">
          <reporter-output>
          </reporter-output>
        </test-method> <!-- VerifyCloseButton -->
        <test-method signature="ContactUsLinkClick()[pri:5, instance:OnboardingTest.OnboardingTest@7dfb0c0f]" started-at="2023-09-19T21:13:08 IST" name="ContactUsLinkClick" finished-at="2023-09-19T21:13:08 IST" duration-ms="464" status="PASS">
          <reporter-output>
          </reporter-output>
        </test-method> <!-- ContactUsLinkClick -->
        <test-method signature="Verifywhatsapplink()[pri:6, instance:OnboardingTest.OnboardingTest@7dfb0c0f]" started-at="2023-09-19T21:13:08 IST" name="Verifywhatsapplink" finished-at="2023-09-19T21:13:10 IST" duration-ms="1692" status="PASS">
          <reporter-output>
          </reporter-output>
        </test-method> <!-- Verifywhatsapplink -->
        <test-method signature="Verifyskypelink()[pri:7, instance:OnboardingTest.OnboardingTest@7dfb0c0f]" started-at="2023-09-19T21:13:10 IST" name="Verifyskypelink" finished-at="2023-09-19T21:13:25 IST" duration-ms="15472" status="PASS">
          <reporter-output>
          </reporter-output>
        </test-method> <!-- Verifyskypelink -->
        <test-method signature="VerifyTicketlink()[pri:8, instance:OnboardingTest.OnboardingTest@7dfb0c0f]" started-at="2023-09-19T21:13:25 IST" name="VerifyTicketlink" finished-at="2023-09-19T21:13:27 IST" duration-ms="1289" status="PASS">
          <reporter-output>
          </reporter-output>
        </test-method> <!-- VerifyTicketlink -->
        <test-method signature="VerifyCalenderlink()[pri:9, instance:OnboardingTest.OnboardingTest@7dfb0c0f]" started-at="2023-09-19T21:13:27 IST" name="VerifyCalenderlink" finished-at="2023-09-19T21:13:29 IST" duration-ms="2109" status="PASS">
          <reporter-output>
          </reporter-output>
        </test-method> <!-- VerifyCalenderlink -->
        <test-method signature="VerifySubmitButton()[pri:10, instance:OnboardingTest.OnboardingTest@7dfb0c0f]" started-at="2023-09-19T21:13:29 IST" name="VerifySubmitButton" finished-at="2023-09-19T21:13:29 IST" duration-ms="419" status="PASS">
          <reporter-output>
          </reporter-output>
        </test-method> <!-- VerifySubmitButton -->
        <test-method signature="VerifyqueryDropDown()[pri:11, instance:OnboardingTest.OnboardingTest@7dfb0c0f]" started-at="2023-09-19T21:13:29 IST" name="VerifyqueryDropDown" finished-at="2023-09-19T21:13:33 IST" duration-ms="3534" status="PASS">
          <reporter-output>
          </reporter-output>
        </test-method> <!-- VerifyqueryDropDown -->
        <test-method signature="uncheckCheckBox()[pri:12, instance:OnboardingTest.OnboardingTest@7dfb0c0f]" started-at="2023-09-19T21:13:33 IST" name="uncheckCheckBox" finished-at="2023-09-19T21:13:33 IST" duration-ms="52" status="PASS">
          <reporter-output>
          </reporter-output>
        </test-method> <!-- uncheckCheckBox -->
        <test-method signature="checkCheckBox()[pri:13, instance:OnboardingTest.OnboardingTest@7dfb0c0f]" started-at="2023-09-19T21:13:33 IST" name="checkCheckBox" finished-at="2023-09-19T21:13:36 IST" duration-ms="3060" status="PASS">
          <reporter-output>
          </reporter-output>
        </test-method> <!-- checkCheckBox -->
        <test-method signature="readMoreClickable()[pri:14, instance:OnboardingTest.OnboardingTest@7dfb0c0f]" started-at="2023-09-19T21:13:36 IST" name="readMoreClickable" finished-at="2023-09-19T21:13:36 IST" duration-ms="106" status="PASS">
          <reporter-output>
          </reporter-output>
        </test-method> <!-- readMoreClickable -->
        <test-method signature="SellerCenterClickable()[pri:15, instance:OnboardingTest.OnboardingTest@7dfb0c0f]" started-at="2023-09-19T21:13:36 IST" name="SellerCenterClickable" finished-at="2023-09-19T21:13:36 IST" duration-ms="115" status="PASS">
          <reporter-output>
          </reporter-output>
        </test-method> <!-- SellerCenterClickable -->
        <test-method signature="IfConsumeridIsgiven()[pri:16, instance:OnboardingTest.OnboardingTest@7dfb0c0f]" started-at="2023-09-19T21:13:36 IST" name="IfConsumeridIsgiven" finished-at="2023-09-19T21:13:39 IST" duration-ms="3322" status="PASS">
          <reporter-output>
          </reporter-output>
        </test-method> <!-- IfConsumeridIsgiven -->
        <test-method signature="IfPrivateKeyIsgiven()[pri:17, instance:OnboardingTest.OnboardingTest@7dfb0c0f]" started-at="2023-09-19T21:13:39 IST" name="IfPrivateKeyIsgiven" finished-at="2023-09-19T21:13:43 IST" duration-ms="3291" status="PASS">
          <reporter-output>
          </reporter-output>
        </test-method> <!-- IfPrivateKeyIsgiven -->
        <test-method signature="InvalidCredentials()[pri:18, instance:OnboardingTest.OnboardingTest@7dfb0c0f]" started-at="2023-09-19T21:13:43 IST" name="InvalidCredentials" finished-at="2023-09-19T21:13:46 IST" duration-ms="3493" status="PASS">
          <reporter-output>
          </reporter-output>
        </test-method> <!-- InvalidCredentials -->
        <test-method signature="ClickOnStoreLink()[pri:19, instance:OnboardingTest.OnboardingTest@7dfb0c0f]" started-at="2023-09-19T21:13:46 IST" name="ClickOnStoreLink" finished-at="2023-09-19T21:13:48 IST" duration-ms="1645" status="PASS">
          <reporter-output>
          </reporter-output>
        </test-method> <!-- ClickOnStoreLink -->
        <test-method signature="validCredentials()[pri:20, instance:OnboardingTest.OnboardingTest@7dfb0c0f]" started-at="2023-09-19T21:13:48 IST" name="validCredentials" finished-at="2023-09-19T21:13:56 IST" duration-ms="7890" status="PASS">
          <reporter-output>
          </reporter-output>
        </test-method> <!-- validCredentials -->
      </class> <!-- OnboardingTest.OnboardingTest -->
    </test> <!-- Test -->
  </suite> <!-- Suite -->
</testng-results>
